<?xml version="1.0" encoding="UTF-8"?>
<testng-results ignored="0" total="1" passed="1" failed="0" skipped="0">
  <reporter-output>
  </reporter-output>
  <suite started-at="2022-03-02T02:05:11 BDT" name="Default suite" finished-at="2022-03-02T02:06:06 BDT" duration-ms="54725">
    <groups>
    </groups>
    <test started-at="2022-03-02T02:05:11 BDT" name="Default test" finished-at="2022-03-02T02:06:06 BDT" duration-ms="54725">
      <class name="Base.baseclass">
        <test-method is-config="true" signature="openApplication()[pri:0, instance:Base.baseclass@6d4e5011]" started-at="2022-03-02T02:05:11 BDT" name="openApplication" finished-at="2022-03-02T02:05:56 BDT" duration-ms="44205" status="PASS">
          <reporter-output>
          </reporter-output>
        </test-method> <!-- openApplication -->
        <test-method signature="sampleTest()[pri:0, instance:Base.baseclass@6d4e5011]" started-at="2022-03-02T02:05:56 BDT" name="sampleTest" finished-at="2022-03-02T02:05:59 BDT" duration-ms="3178" status="PASS">
          <reporter-output>
          </reporter-output>
        </test-method> <!-- sampleTest -->
        <test-method is-config="true" signature="teardown()[pri:0, instance:Base.baseclass@6d4e5011]" started-at="2022-03-02T02:05:59 BDT" name="teardown" finished-at="2022-03-02T02:06:06 BDT" duration-ms="7006" status="PASS">
          <reporter-output>
          </reporter-output>
        </test-method> <!-- teardown -->
      </class> <!-- Base.baseclass -->
    </test> <!-- Default test -->
  </suite> <!-- Default suite -->
</testng-results>
